2025-09-19 16:51:56,887 - security - INFO - SecurityManager initialized with enterprise-grade protection
2025-09-19 16:52:09,079 - security - INFO - SecurityManager initialized with enterprise-grade protection
2025-09-19 16:55:51,275 - security - INFO - SecurityManager initialized with enterprise-grade protection
2025-09-19 16:56:12,137 - security - INFO - SecurityManager initialized with enterprise-grade protection
2025-09-19 16:56:44,657 - security - INFO - SecurityManager initialized with enterprise-grade protection
2025-09-19 16:56:44,715 - security - WARNING - Security threat detected: {"threat_type": "PROMPT_INJECTION", "severity": "HIGH", "description": "Prompt injection pattern detected: ignore\\s+(?:previous|all|the|above|your)\\s+(?:instructions?|prompts?|commands?)", "timestamp": "2025-09-19T16:56:44.715576", "source_ip": null, "user_id": null, "blocked": false, "input_hash": "889cd275126aeabc"}
2025-09-19 16:57:34,160 - security - INFO - SecurityManager initialized with enterprise-grade protection
2025-09-19 16:58:52,273 - security - INFO - SecurityManager initialized with enterprise-grade protection
2025-09-19 16:59:23,950 - security - INFO - SecurityManager initialized with enterprise-grade protection
2025-09-19 17:02:10,632 - security - INFO - SecurityManager initialized with enterprise-grade protection
2025-09-19 17:03:09,523 - security - INFO - SecurityManager initialized with enterprise-grade protection
2025-09-19 17:03:47,062 - security - INFO - SecurityManager initialized with enterprise-grade protection
2025-09-19 17:04:00,226 - security - INFO - SecurityManager initialized with enterprise-grade protection
2025-09-19 17:04:01,581 - security - INFO - SecurityManager initialized with enterprise-grade protection
2025-09-19 17:04:01,584 - security - INFO - SecurityManager initialized with enterprise-grade protection
2025-09-19 17:04:01,591 - security - INFO - SecurityManager initialized with enterprise-grade protection
2025-09-19 17:04:01,593 - security - INFO - SecurityManager initialized with enterprise-grade protection
2025-09-19 17:04:01,595 - security - INFO - SecurityManager initialized with enterprise-grade protection
2025-09-19 17:04:01,598 - security - INFO - SecurityManager initialized with enterprise-grade protection
2025-09-19 17:04:01,599 - security - WARNING - Security threat detected: {"threat_type": "RATE_LIMIT_EXCEEDED", "severity": "MEDIUM", "description": "Rate limit exceeded", "timestamp": "2025-09-19T17:04:01.599176", "source_ip": null, "user_id": "test_user", "blocked": true, "input_hash": "1c9debc1bb448c9d"}
2025-09-19 17:04:01,604 - security - INFO - SecurityManager initialized with enterprise-grade protection
2025-09-19 17:04:01,609 - security - INFO - SecurityManager initialized with enterprise-grade protection
2025-09-19 17:04:01,610 - security - INFO - SecurityManager initialized with enterprise-grade protection
2025-09-19 17:04:01,620 - security - INFO - SecurityManager initialized with enterprise-grade protection
2025-09-19 17:04:01,621 - security - INFO - SecurityManager initialized with enterprise-grade protection
2025-09-19 17:04:01,622 - security - WARNING - Security threat detected: {"threat_type": "RATE_LIMIT_EXCEEDED", "severity": "MEDIUM", "description": "Rate limit exceeded", "timestamp": "2025-09-19T17:04:01.622112", "source_ip": null, "user_id": null, "blocked": true, "input_hash": "0355c157b9f7845f"}
2025-09-19 17:04:01,626 - security - INFO - SecurityManager initialized with enterprise-grade protection
2025-09-19 17:04:01,626 - security - WARNING - Security threat detected: {"threat_type": "PROMPT_INJECTION", "severity": "HIGH", "description": "Prompt injection pattern detected: ignore\\s+(?:previous|all|the|above|your)\\s+(?:instructions?|prompts?|commands?)", "timestamp": "2025-09-19T17:04:01.626748", "source_ip": null, "user_id": null, "blocked": false, "input_hash": "27a2b187f90ab335"}
2025-09-19 17:04:01,626 - security - WARNING - Security threat detected: {"threat_type": "PROMPT_INJECTION", "severity": "HIGH", "description": "Prompt injection pattern detected: new\\s+(?:instructions?|prompts?|tasks?)\\s*:", "timestamp": "2025-09-19T17:04:01.626871", "source_ip": null, "user_id": null, "blocked": false, "input_hash": "ceb292981cd1fd49"}
2025-09-19 17:04:01,627 - security - WARNING - Security threat detected: {"threat_type": "ENCODING_ATTACK", "severity": "MEDIUM", "description": "Suspicious encoding detected", "timestamp": "2025-09-19T17:04:01.626992", "source_ip": null, "user_id": null, "blocked": false, "input_hash": "a6acff7a95424ca7"}
2025-09-19 17:04:01,627 - security - WARNING - Security threat detected: {"threat_type": "PROMPT_INJECTION", "severity": "HIGH", "description": "Prompt injection pattern detected: \\\\x[0-9a-fA-F]{2}", "timestamp": "2025-09-19T17:04:01.627083", "source_ip": null, "user_id": null, "blocked": false, "input_hash": "331d5c61e3b7443d"}
2025-09-19 17:04:01,627 - security - WARNING - Security threat detected: {"threat_type": "PROMPT_INJECTION", "severity": "HIGH", "description": "Prompt injection pattern detected: %[0-9a-fA-F]{2}", "timestamp": "2025-09-19T17:04:01.627167", "source_ip": null, "user_id": null, "blocked": false, "input_hash": "2571db0d3bd5f2e4"}
2025-09-19 17:04:01,627 - security - WARNING - Security threat detected: {"threat_type": "ENCODING_ATTACK", "severity": "MEDIUM", "description": "Suspicious encoding detected", "timestamp": "2025-09-19T17:04:01.627170", "source_ip": null, "user_id": null, "blocked": false, "input_hash": "2571db0d3bd5f2e4"}
2025-09-19 17:04:01,627 - security - INFO - SecurityManager initialized with enterprise-grade protection
2025-09-19 17:04:01,628 - security - WARNING - Security threat detected: {"threat_type": "RATE_LIMIT_EXCEEDED", "severity": "MEDIUM", "description": "Rate limit exceeded", "timestamp": "2025-09-19T17:04:01.628377", "source_ip": null, "user_id": null, "blocked": true, "input_hash": "8a2981e6c95dfb6d"}
2025-09-19 17:04:01,633 - security - INFO - SecurityManager initialized with enterprise-grade protection
2025-09-19 17:04:12,336 - security - INFO - SecurityManager initialized with enterprise-grade protection
2025-09-19 17:04:47,981 - security - INFO - SecurityManager initialized with enterprise-grade protection
2025-09-19 17:04:48,042 - security - WARNING - Security threat detected: {"threat_type": "PROMPT_INJECTION", "severity": "HIGH", "description": "Prompt injection pattern detected: ignore\\s+(?:previous|all|the|above|your)\\s+(?:instructions?|prompts?|commands?)", "timestamp": "2025-09-19T17:04:48.041975", "source_ip": null, "user_id": null, "blocked": false, "input_hash": "889cd275126aeabc"}
2025-09-21 15:49:47,661 - security - INFO - SecurityManager initialized with enterprise-grade protection
2025-09-21 15:50:07,261 - security - INFO - SecurityManager initialized with enterprise-grade protection
2025-09-21 15:51:53,676 - security - INFO - SecurityManager initialized with enterprise-grade protection
2025-09-21 15:54:23,839 - security - INFO - SecurityManager initialized with enterprise-grade protection
2025-09-21 15:55:20,378 - security - INFO - SecurityManager initialized with enterprise-grade protection
2025-09-21 15:59:14,013 - security - INFO - SecurityManager initialized with enterprise-grade protection
2025-09-21 15:59:50,463 - security - INFO - SecurityManager initialized with enterprise-grade protection
2025-09-21 16:00:00,743 - security - INFO - SecurityManager initialized with enterprise-grade protection
